[17-Apr-2024 22:31:37 UTC] Erreur d’événement de replanification de tâche pour le crochet action_scheduler_run_queue. Code d’erreur : invalid_schedule. Message d’erreur : L’évènement planifié n’existe pas.. Données : {"schedule":"every_minute","args":["WP Cron"],"interval":60}
[17-Apr-2024 22:31:37 UTC] Erreur d’événement de replanification de tâche pour le crochet fluentform_do_scheduled_tasks. Code d’erreur : invalid_schedule. Message d’erreur : L’évènement planifié n’existe pas.. Données : {"schedule":"ff_every_five_minutes","args":[],"interval":300}
[17-Apr-2024 22:56:45 UTC] Erreur d’événement de replanification de tâche pour le crochet action_scheduler_run_queue. Code d’erreur : invalid_schedule. Message d’erreur : L’évènement planifié n’existe pas.. Données : {"schedule":"every_minute","args":["WP Cron"],"interval":60}
[17-Apr-2024 22:57:34 UTC] BLOCK: Getting Spectra Common CSS
[17-Apr-2024 22:57:38 UTC] Sync process for Gutenberg Blocks has started.
[17-Apr-2024 22:57:38 UTC] CATEGORY: Storing in ast-block-templates-categories.json
[17-Apr-2024 22:57:38 UTC] File: ast-block-templates-categories.json Updated Successfully!
[17-Apr-2024 22:57:38 UTC] BLOCK: Requests count 7
[17-Apr-2024 22:57:38 UTC] File: ast-block-templates-block-requests.json Updated Successfully!
[17-Apr-2024 22:57:38 UTC] BLOCK: Importing request 1 ..
[17-Apr-2024 22:57:38 UTC] BLOCK: https://websitedemos.net/wp-json/astra-blocks/v2/blocks/?page_builder=gutenberg&per_page=30&page=1&wireframe=yes
[17-Apr-2024 22:57:39 UTC] BLOCK: Storing in file ast-block-templates-blocks-1
[17-Apr-2024 22:57:39 UTC] File: ast-block-templates-blocks-1.json Updated Successfully!
[17-Apr-2024 22:57:39 UTC] BLOCK: Completed request 1
[17-Apr-2024 22:57:39 UTC] BLOCK: Importing request 2 ..
[17-Apr-2024 22:57:39 UTC] BLOCK: https://websitedemos.net/wp-json/astra-blocks/v2/blocks/?page_builder=gutenberg&per_page=30&page=2&wireframe=yes
[17-Apr-2024 22:57:40 UTC] BLOCK: Storing in file ast-block-templates-blocks-2
[17-Apr-2024 22:57:40 UTC] File: ast-block-templates-blocks-2.json Updated Successfully!
[17-Apr-2024 22:57:40 UTC] BLOCK: Completed request 2
[17-Apr-2024 22:57:40 UTC] BLOCK: Importing request 3 ..
[17-Apr-2024 22:57:40 UTC] BLOCK: https://websitedemos.net/wp-json/astra-blocks/v2/blocks/?page_builder=gutenberg&per_page=30&page=3&wireframe=yes
[17-Apr-2024 22:57:40 UTC] BLOCK: Storing in file ast-block-templates-blocks-3
[17-Apr-2024 22:57:40 UTC] File: ast-block-templates-blocks-3.json Updated Successfully!
[17-Apr-2024 22:57:40 UTC] BLOCK: Completed request 3
[17-Apr-2024 22:57:40 UTC] BLOCK: Importing request 4 ..
[17-Apr-2024 22:57:40 UTC] BLOCK: https://websitedemos.net/wp-json/astra-blocks/v2/blocks/?page_builder=gutenberg&per_page=30&page=4&wireframe=yes
[17-Apr-2024 22:57:40 UTC] BLOCK: Storing in file ast-block-templates-blocks-4
[17-Apr-2024 22:57:40 UTC] File: ast-block-templates-blocks-4.json Updated Successfully!
[17-Apr-2024 22:57:40 UTC] BLOCK: Completed request 4
[17-Apr-2024 22:57:40 UTC] BLOCK: Importing request 5 ..
[17-Apr-2024 22:57:40 UTC] BLOCK: https://websitedemos.net/wp-json/astra-blocks/v2/blocks/?page_builder=gutenberg&per_page=30&page=5&wireframe=yes
[17-Apr-2024 22:57:40 UTC] BLOCK: Storing in file ast-block-templates-blocks-5
[17-Apr-2024 22:57:40 UTC] File: ast-block-templates-blocks-5.json Updated Successfully!
[17-Apr-2024 22:57:40 UTC] BLOCK: Completed request 5
[17-Apr-2024 22:57:40 UTC] BLOCK: Importing request 6 ..
[17-Apr-2024 22:57:40 UTC] BLOCK: https://websitedemos.net/wp-json/astra-blocks/v2/blocks/?page_builder=gutenberg&per_page=30&page=6&wireframe=yes
[17-Apr-2024 22:57:41 UTC] BLOCK: Storing in file ast-block-templates-blocks-6
[17-Apr-2024 22:57:41 UTC] File: ast-block-templates-blocks-6.json Updated Successfully!
[17-Apr-2024 22:57:41 UTC] BLOCK: Completed request 6
[17-Apr-2024 22:57:41 UTC] BLOCK: Importing request 7 ..
[17-Apr-2024 22:57:41 UTC] BLOCK: https://websitedemos.net/wp-json/astra-blocks/v2/blocks/?page_builder=gutenberg&per_page=30&page=7&wireframe=yes
[17-Apr-2024 22:57:41 UTC] BLOCK: Storing in file ast-block-templates-blocks-7
[17-Apr-2024 22:57:41 UTC] File: ast-block-templates-blocks-7.json Updated Successfully!
[17-Apr-2024 22:57:41 UTC] BLOCK: Completed request 7
[17-Apr-2024 22:57:41 UTC] SITE: Getting Total Sites
[17-Apr-2024 22:57:41 UTC] SITE: https://websitedemos.net/wp-json/astra-sites/v1/get-total-pages/?page_builder=gutenberg&per_page=30
[17-Apr-2024 22:57:41 UTC] SITE: Request count 11
[17-Apr-2024 22:57:41 UTC] File: ast-block-templates-site-requests.json Updated Successfully!
[17-Apr-2024 22:57:41 UTC] SITE: Importing request 1 ..
[17-Apr-2024 22:57:41 UTC] SITE: https://websitedemos.net/wp-json/astra-sites/v1/sites-and-pages/?per_page=30&page=1&page-builder=gutenberg
[17-Apr-2024 22:57:41 UTC] SITE: Storing in file ast-block-templates-sites-1
[17-Apr-2024 22:57:41 UTC] File: ast-block-templates-sites-1.json Updated Successfully!
[17-Apr-2024 22:57:41 UTC] SITE: Completed request 1
[17-Apr-2024 22:57:41 UTC] SITE: Importing request 2 ..
[17-Apr-2024 22:57:41 UTC] SITE: https://websitedemos.net/wp-json/astra-sites/v1/sites-and-pages/?per_page=30&page=2&page-builder=gutenberg
[17-Apr-2024 22:57:41 UTC] SITE: Storing in file ast-block-templates-sites-2
[17-Apr-2024 22:57:41 UTC] File: ast-block-templates-sites-2.json Updated Successfully!
[17-Apr-2024 22:57:41 UTC] SITE: Completed request 2
[17-Apr-2024 22:57:41 UTC] SITE: Importing request 3 ..
[17-Apr-2024 22:57:41 UTC] SITE: https://websitedemos.net/wp-json/astra-sites/v1/sites-and-pages/?per_page=30&page=3&page-builder=gutenberg
[17-Apr-2024 22:57:41 UTC] SITE: Storing in file ast-block-templates-sites-3
[17-Apr-2024 22:57:41 UTC] File: ast-block-templates-sites-3.json Updated Successfully!
[17-Apr-2024 22:57:41 UTC] SITE: Completed request 3
[17-Apr-2024 22:57:41 UTC] SITE: Importing request 4 ..
[17-Apr-2024 22:57:41 UTC] SITE: https://websitedemos.net/wp-json/astra-sites/v1/sites-and-pages/?per_page=30&page=4&page-builder=gutenberg
[17-Apr-2024 22:57:41 UTC] SITE: Storing in file ast-block-templates-sites-4
[17-Apr-2024 22:57:41 UTC] File: ast-block-templates-sites-4.json Updated Successfully!
[17-Apr-2024 22:57:41 UTC] SITE: Completed request 4
[17-Apr-2024 22:57:41 UTC] SITE: Importing request 5 ..
[17-Apr-2024 22:57:41 UTC] SITE: https://websitedemos.net/wp-json/astra-sites/v1/sites-and-pages/?per_page=30&page=5&page-builder=gutenberg
[17-Apr-2024 22:57:41 UTC] SITE: Storing in file ast-block-templates-sites-5
[17-Apr-2024 22:57:41 UTC] File: ast-block-templates-sites-5.json Updated Successfully!
[17-Apr-2024 22:57:41 UTC] SITE: Completed request 5
[17-Apr-2024 22:57:41 UTC] SITE: Importing request 6 ..
[17-Apr-2024 22:57:41 UTC] SITE: https://websitedemos.net/wp-json/astra-sites/v1/sites-and-pages/?per_page=30&page=6&page-builder=gutenberg
[17-Apr-2024 22:57:42 UTC] SITE: Storing in file ast-block-templates-sites-6
[17-Apr-2024 22:57:42 UTC] File: ast-block-templates-sites-6.json Updated Successfully!
[17-Apr-2024 22:57:42 UTC] SITE: Completed request 6
[17-Apr-2024 22:57:42 UTC] SITE: Importing request 7 ..
[17-Apr-2024 22:57:42 UTC] SITE: https://websitedemos.net/wp-json/astra-sites/v1/sites-and-pages/?per_page=30&page=7&page-builder=gutenberg
[17-Apr-2024 22:57:42 UTC] SITE: Storing in file ast-block-templates-sites-7
[17-Apr-2024 22:57:42 UTC] File: ast-block-templates-sites-7.json Updated Successfully!
[17-Apr-2024 22:57:42 UTC] SITE: Completed request 7
[17-Apr-2024 22:57:42 UTC] SITE: Importing request 8 ..
[17-Apr-2024 22:57:42 UTC] SITE: https://websitedemos.net/wp-json/astra-sites/v1/sites-and-pages/?per_page=30&page=8&page-builder=gutenberg
[17-Apr-2024 22:57:42 UTC] SITE: Storing in file ast-block-templates-sites-8
[17-Apr-2024 22:57:42 UTC] File: ast-block-templates-sites-8.json Not Updated!
[17-Apr-2024 22:57:42 UTC] SITE: Completed request 8
[17-Apr-2024 22:57:42 UTC] SITE: Importing request 9 ..
[17-Apr-2024 22:57:42 UTC] SITE: https://websitedemos.net/wp-json/astra-sites/v1/sites-and-pages/?per_page=30&page=9&page-builder=gutenberg
[17-Apr-2024 22:57:42 UTC] SITE: Storing in file ast-block-templates-sites-9
[17-Apr-2024 22:57:42 UTC] File: ast-block-templates-sites-9.json Not Updated!
[17-Apr-2024 22:57:42 UTC] SITE: Completed request 9
[17-Apr-2024 22:57:42 UTC] SITE: Importing request 10 ..
[17-Apr-2024 22:57:42 UTC] SITE: https://websitedemos.net/wp-json/astra-sites/v1/sites-and-pages/?per_page=30&page=10&page-builder=gutenberg
[17-Apr-2024 22:57:42 UTC] SITE: Storing in file ast-block-templates-sites-10
[17-Apr-2024 22:57:42 UTC] File: ast-block-templates-sites-10.json Not Updated!
[17-Apr-2024 22:57:42 UTC] SITE: Completed request 10
[17-Apr-2024 22:57:42 UTC] SITE: Importing request 11 ..
[17-Apr-2024 22:57:42 UTC] SITE: https://websitedemos.net/wp-json/astra-sites/v1/sites-and-pages/?per_page=30&page=11&page-builder=gutenberg
[17-Apr-2024 22:57:42 UTC] SITE: Storing in file ast-block-templates-sites-11
[17-Apr-2024 22:57:42 UTC] File: ast-block-templates-sites-11.json Not Updated!
[17-Apr-2024 22:57:42 UTC] SITE: Completed request 11
[17-Apr-2024 22:57:42 UTC] Sync process for Gutenberg Blocks is done.
[17-Apr-2024 22:57:42 UTC] File: ast-block-templates-last-export-checksums.json Updated Successfully!
[17-Apr-2024 22:57:42 UTC] BLOCK: Getting Server Custimizer CSS
[17-Apr-2024 22:57:42 UTC] BLOCK: https://websitedemos.net/wp-json/astra-blocks/v2/get-customizer-css
[17-Apr-2024 22:57:42 UTC] File: ast-block-templates-customizer-css.json Updated Successfully!
[17-Apr-2024 22:58:36 UTC] PHP Warning:  Undefined array key "id" in C:\Users\larma\Documents\Planty\app\public\wp-content\plugins\cf7-grid-layout\public\class-cf7-grid-layout-public.php on line 417
[17-Apr-2024 22:58:51 UTC] PHP Warning:  Undefined array key "id" in C:\Users\larma\Documents\Planty\app\public\wp-content\plugins\cf7-grid-layout\public\class-cf7-grid-layout-public.php on line 417
[17-Apr-2024 22:59:01 UTC] BLOCK: Getting Spectra Common CSS
[17-Apr-2024 23:00:00 UTC] BLOCK: Getting Spectra Common CSS
